2024-11-08 22:03:02,843 - Usuário: admin realizou a ação: Login bem-sucedido
2024-11-08 22:03:38,637 - Usuário: admin realizou a ação: Login bem-sucedido
2024-11-08 22:04:05,395 - Usuário: admin realizou a ação: Login bem-sucedido
2024-11-08 22:04:42,873 - Usuário: admin realizou a ação: Edição de cliente. Nome: Teste2, CPF/CNPJ: 77777777777
2024-11-08 22:06:15,545 - Usuário: admin realizou a ação: Login bem-sucedido
2024-11-08 22:06:34,531 - Usuário: admin realizou a ação: Login bem-sucedido
2024-11-08 22:06:56,037 - Usuário: admin realizou a ação: Login bem-sucedido
2024-11-08 22:07:17,117 - Usuário: admin realizou a ação: Login bem-sucedido
2024-11-08 22:07:49,147 - Usuário: admin realizou a ação: Login bem-sucedido
2024-11-08 22:10:09,291 - Usuário: admin realizou a ação: Login bem-sucedido
2024-11-08 22:10:23,055 - Usuário: admin realizou a ação: Adicionado produto. teste, Quantidade: 10
2024-11-08 22:11:29,219 - Usuário: admin realizou a ação: Login bem-sucedido
2024-11-08 22:15:22,098 - Usuário: admin realizou a ação: Login bem-sucedido
2024-11-11 22:15:26,652 - Usuário: admin realizou a ação: Login bem-sucedido
2024-11-11 22:17:42,053 - Usuário: admin realizou a ação: Adicionado produto. teste, Quantidade: 10
2024-11-11 22:20:06,516 - Usuário: admin realizou a ação: Login bem-sucedido
2024-11-11 22:20:16,900 - Usuário: admin realizou a ação: Adicionado produto. teste, Quantidade: 10
2024-11-11 22:21:53,181 - Usuário: admin realizou a ação: Login bem-sucedido
2024-11-11 22:22:03,725 - Usuário: admin realizou a ação: Adicionado produto. teste, Quantidade: 10
2024-11-11 22:22:14,226 - Usuário: admin realizou a ação: Aumentado estoque. teste, Quantidade aumentada: 12
2024-11-11 22:23:21,126 - Usuário: admin realizou a ação: Login bem-sucedido
2024-11-11 22:23:30,285 - Usuário: admin realizou a ação: Adicionado produto. teste, Quantidade: 10
2024-11-11 22:23:35,076 - Usuário: admin realizou a ação: Aumentado estoque. teste, Quantidade aumentada: 12
2024-11-11 22:24:52,110 - Usuário: admin realizou a ação: Login bem-sucedido
2024-11-11 22:25:06,135 - Usuário: admin realizou a ação: Adicionado produto. teste, Quantidade: 10
2024-11-11 22:25:10,341 - Usuário: admin realizou a ação: Aumentado estoque. teste, Quantidade aumentada: 12
2024-11-11 22:26:19,079 - Usuário: admin realizou a ação: Login bem-sucedido
2024-11-11 22:26:29,375 - Usuário: admin realizou a ação: Adicionado produto. teste, Quantidade: 10
2024-11-11 22:26:34,344 - Usuário: admin realizou a ação: Aumentado estoque. teste, Quantidade aumentada: 12
2024-11-11 22:26:39,321 - Usuário: admin realizou a ação: Aumentado estoque. teste, Quantidade aumentada: 62
2024-11-11 22:27:40,344 - Usuário: admin realizou a ação: Login bem-sucedido
2024-11-11 22:28:34,090 - Usuário: admin realizou a ação: Login bem-sucedido
2024-11-11 22:28:53,232 - Usuário: admin realizou a ação: Adicionado produto. teste, Quantidade: 10
2024-11-11 22:29:00,766 - Usuário: admin realizou a ação: Aumentado estoque. teste, Quantidade aumentada: 10, nova quantidade: 20
2024-11-11 22:29:51,954 - Usuário: admin realizou a ação: Login bem-sucedido
2024-11-11 22:30:00,135 - Usuário: admin realizou a ação: Adicionado produto. teste, Quantidade: 10
2024-11-11 22:30:05,239 - Usuário: admin realizou a ação: Aumentado estoque. teste, Quantidade aumentada: 10, nova quantidade: 20
2024-11-11 22:32:26,202 - Usuário: admin realizou a ação: Login bem-sucedido
2024-11-11 22:32:34,365 - Usuário: admin realizou a ação: Adicionado produto. teste, Quantidade: 10
2024-11-11 22:32:39,783 - Usuário: admin realizou a ação: Aumentado estoque. teste, Quantidade aumentada: 10, nova quantidade: 20
2024-11-11 22:34:00,785 - Usuário: admin realizou a ação: Login bem-sucedido
2024-11-11 22:34:17,576 - Usuário: admin realizou a ação: Realizado venda. Produto: teste, Quantidade vendida: 5
2024-11-11 22:42:21,076 - Usuário: admin realizou a ação: Login bem-sucedido
2024-11-11 22:46:24,597 - Usuário: admin realizou a ação: Login bem-sucedido
2024-11-11 22:47:29,636 - Usuário: admin realizou a ação: Login bem-sucedido
2024-11-11 22:47:44,942 - Usuário: admin realizou a ação: Adicionado produto. teste, Quantidade: 50
2024-11-11 22:49:41,790 - Usuário: admin realizou a ação: Login bem-sucedido
2024-11-11 23:04:35,909 - Usuário: admin realizou a ação: Login bem-sucedido
2024-11-11 23:05:47,229 - Usuário: admin realizou a ação: Login bem-sucedido
2024-11-11 23:08:38,550 - Usuário: admin realizou a ação: Login bem-sucedido
2024-11-11 23:10:31,330 - Usuário: admin realizou a ação: Login bem-sucedido
2024-11-11 23:11:21,690 - Usuário: admin realizou a ação: Login bem-sucedido
2024-11-11 23:12:15,566 - Usuário: admin realizou a ação: Login bem-sucedido
2024-11-11 23:13:16,183 - Usuário: admin realizou a ação: Login bem-sucedido
2024-11-11 23:14:08,810 - Usuário: admin realizou a ação: Login bem-sucedido
2024-11-11 23:15:10,498 - Usuário: admin realizou a ação: Login bem-sucedido
